3AnimePahe_Detective_Conan_-_017_720p_Fansub.mkv => [0|0] => [0] [0]
/root/.fonts: caching, new cache contents: 0 fonts, 0 dirs
/var/cache/fontconfig: cleaning cache directory
/root/.cache/fontconfig: not cleaning non-existent cache directory
/root/.fontconfig: not cleaning non-existent cache directory
fc-cache: succeeded
FFMPEG complete
3AnimePahe_Detective_Conan_-_018_720p_Fansub.mkv => [0|0] => [0] [0]
/root/.fonts: caching, new cache contents: 0 fonts, 0 dirs
/var/cache/fontconfig: cleaning cache directory
/root/.cache/fontconfig: not cleaning non-existent cache directory
/root/.fontconfig: not cleaning non-existent cache directory
fc-cache: succeeded
FFMPEG complete
3AnimePahe_Detective_Conan_-_019_720p_Fansub.mkv => [0|0] => [0] [0]
/root/.fonts: caching, new cache contents: 0 fonts, 0 dirs
/var/cache/fontconfig: cleaning cache directory
/root/.cache/fontconfig: not cleaning non-existent cache directory
/root/.fontconfig: not cleaning non-existent cache directory
fc-cache: succeeded
3AnimePahe_Detective_Conan_-_019_720p_Fansub.mkv => [0|0] => [0] [0]
/root/.fonts: caching, new cache contents: 0 fonts, 0 dirs
/var/cache/fontconfig: cleaning cache directory
/root/.cache/fontconfig: not cleaning non-existent cache directory
/root/.fontconfig: not cleaning non-existent cache directory
fc-cache: succeeded
FFMPEG complete
3AnimePahe_Detective_Conan_-_020_720p_Fansub.mkv => [0|0] => [0] [0]
/root/.fonts: caching, new cache contents: 0 fonts, 0 dirs
/var/cache/fontconfig: cleaning cache directory
/root/.cache/fontconfig: not cleaning non-existent cache directory
/root/.fontconfig: not cleaning non-existent cache directory
fc-cache: succeeded
FFMPEG complete
3AnimePahe_Detective_Conan_-_021_720p_Fansub.mkv => [0|0] => [0] [0]
/root/.fonts: caching, new cache contents: 0 fonts, 0 dirs
/var/cache/fontconfig: cleaning cache directory
/root/.cache/fontconfig: not cleaning non-existent cache directory
/root/.fontconfig: not cleaning non-existent cache directory
fc-cache: succeeded
FFMPEG complete
3AnimePahe_Detective_Conan_-_022_720p_Fansub.mkv => [0|0] => [0] [0]
/root/.fonts: caching, new cache contents: 0 fonts, 0 dirs
/var/cache/fontconfig: cleaning cache directory
/root/.cache/fontconfig: not cleaning non-existent cache directory
/root/.fontconfig: not cleaning non-existent cache directory
fc-cache: succeeded
FFMPEG complete
3AnimePahe_Detective_Conan_-_023_720p_Fansub.mkv => [0|0] => [0] [0]
/root/.fonts: caching, new cache contents: 0 fonts, 0 dirs
/var/cache/fontconfig: cleaning cache directory
/root/.cache/fontconfig: not cleaning non-existent cache directory
/root/.fontconfig: not cleaning non-existent cache directory
fc-cache: succeeded
FFMPEG complete
3AnimePahe_Detective_Conan_-_024_720p_Fansub.mkv => [0|0] => [0] [0]
/root/.fonts: caching, new cache contents: 0 fonts, 0 dirs
/var/cache/fontconfig: cleaning cache directory
/root/.cache/fontconfig: not cleaning non-existent cache directory
/root/.fontconfig: not cleaning non-existent cache directory
fc-cache: succeeded
FFMPEG complete
3AnimePahe_Detective_Conan_-_025_720p_Fansub.mkv => [0|0] => [0] [0]
/root/.fonts: caching, new cache contents: 0 fonts, 0 dirs
/var/cache/fontconfig: cleaning cache directory
/root/.cache/fontconfig: not cleaning non-existent cache directory
/root/.fontconfig: not cleaning non-existent cache directory
fc-cache: succeeded
FFMPEG complete
3AnimePahe_Detective_Conan_-_026_720p_Fansub.mkv => [0|0] => [0] [0]
/root/.fonts: caching, new cache contents: 0 fonts, 0 dirs
/var/cache/fontconfig: cleaning cache directory
/root/.cache/fontconfig: not cleaning non-existent cache directory
/root/.fontconfig: not cleaning non-existent cache directory
fc-cache: succeeded
FFMPEG complete
3AnimePahe_Detective_Conan_-_027_720p_Fansub.mkv => [0|0] => [0] [0]
/root/.fonts: caching, new cache contents: 0 fonts, 0 dirs
/var/cache/fontconfig: cleaning cache directory
/root/.cache/fontconfig: not cleaning non-existent cache directory
/root/.fontconfig: not cleaning non-existent cache directory
fc-cache: succeeded
FFMPEG complete
3AnimePahe_Detective_Conan_-_028_720p_Fansub.mkv => [0|0] => [0] [0]
/root/.fonts: caching, new cache contents: 0 fonts, 0 dirs
/var/cache/fontconfig: cleaning cache directory
/root/.cache/fontconfig: not cleaning non-existent cache directory
/root/.fontconfig: not cleaning non-existent cache directory
fc-cache: succeeded
FFMPEG complete
3AnimePahe_Detective_Conan_-_029_720p_Fansub.mkv => [0|0] => [0] [0]
/root/.fonts: caching, new cache contents: 0 fonts, 0 dirs
/var/cache/fontconfig: cleaning cache directory
/root/.cache/fontconfig: not cleaning non-existent cache directory
/root/.fontconfig: not cleaning non-existent cache directory
fc-cache: succeeded
FFMPEG complete
3AnimePahe_Detective_Conan_-_030_720p_Fansub.mkv => [0|0] => [0] [0]
/root/.fonts: caching, new cache contents: 0 fonts, 0 dirs
/var/cache/fontconfig: cleaning cache directory
/root/.cache/fontconfig: not cleaning non-existent cache directory
/root/.fontconfig: not cleaning non-existent cache directory
fc-cache: succeeded
FFMPEG complete
3AnimePahe_Detective_Conan_-_031_720p_Fansub.mkv => [0|0] => [0] [0]
/root/.fonts: caching, new cache contents: 0 fonts, 0 dirs
/var/cache/fontconfig: cleaning cache directory
/root/.cache/fontconfig: not cleaning non-existent cache directory
/root/.fontconfig: not cleaning non-existent cache directory
fc-cache: succeeded
FFMPEG complete
3AnimePahe_Detective_Conan_-_032_720p_Fansub.mkv => [0|0] => [0] [0]
/root/.fonts: caching, new cache contents: 0 fonts, 0 dirs
/var/cache/fontconfig: cleaning cache directory
/root/.cache/fontconfig: not cleaning non-existent cache directory
/root/.fontconfig: not cleaning non-existent cache directory
fc-cache: succeeded
FFMPEG complete
3AnimePahe_Detective_Conan_-_033_720p_Fansub.mkv => [0|0] => [0] [0]
/root/.fonts: caching, new cache contents: 0 fonts, 0 dirs
/var/cache/fontconfig: cleaning cache directory
/root/.cache/fontconfig: not cleaning non-existent cache directory
/root/.fontconfig: not cleaning non-existent cache directory
fc-cache: succeeded
FFMPEG complete
3AnimePahe_Detective_Conan_-_034_720p_Fansub.mkv => [0|0] => [0] [0]
/root/.fonts: caching, new cache contents: 0 fonts, 0 dirs
/var/cache/fontconfig: cleaning cache directory
/root/.cache/fontconfig: not cleaning non-existent cache directory
/root/.fontconfig: not cleaning non-existent cache directory
fc-cache: succeeded
FFMPEG complete
3AnimePahe_Detective_Conan_-_035_720p_Fansub.mkv => [0|0] => [0] [0]
/root/.fonts: caching, new cache contents: 0 fonts, 0 dirs
/var/cache/fontconfig: cleaning cache directory
/root/.cache/fontconfig: not cleaning non-existent cache directory
/root/.fontconfig: not cleaning non-existent cache directory
fc-cache: succeeded
FFMPEG complete
3AnimePahe_Detective_Conan_-_036_720p_Fansub.mkv => [0|0] => [0] [0]
/root/.fonts: caching, new cache contents: 0 fonts, 0 dirs
/var/cache/fontconfig: cleaning cache directory
/root/.cache/fontconfig: not cleaning non-existent cache directory
/root/.fontconfig: not cleaning non-existent cache directory
fc-cache: succeeded
FFMPEG complete
3AnimePahe_Detective_Conan_-_037_720p_Fansub.mkv => [0|0] => [0] [0]
/root/.fonts: caching, new cache contents: 0 fonts, 0 dirs
/var/cache/fontconfig: cleaning cache directory
/root/.cache/fontconfig: not cleaning non-existent cache directory
/root/.fontconfig: not cleaning non-existent cache directory
fc-cache: succeeded
FFMPEG complete
3AnimePahe_Detective_Conan_-_038_720p_Fansub.mkv => [0|0] => [0] [0]
/root/.fonts: caching, new cache contents: 0 fonts, 0 dirs
/var/cache/fontconfig: cleaning cache directory
/root/.cache/fontconfig: not cleaning non-existent cache directory
/root/.fontconfig: not cleaning non-existent cache directory
fc-cache: succeeded
FFMPEG complete
3AnimePahe_Detective_Conan_-_039_720p_Fansub.mkv => [0|0] => [0] [0]
/root/.fonts: caching, new cache contents: 0 fonts, 0 dirs
/var/cache/fontconfig: cleaning cache directory
/root/.cache/fontconfig: not cleaning non-existent cache directory
/root/.fontconfig: not cleaning non-existent cache directory
fc-cache: succeeded
FFMPEG complete
3AnimePahe_Detective_Conan_-_040_720p_Fansub.mkv => [0|0] => [0] [0]
/root/.fonts: caching, new cache contents: 0 fonts, 0 dirs
/var/cache/fontconfig: cleaning cache directory
/root/.cache/fontconfig: not cleaning non-existent cache directory
/root/.fontconfig: not cleaning non-existent cache directory
fc-cache: succeeded
FFMPEG complete
3AnimePahe_Detective_Conan_-_041_720p_Fansub.mkv => [0|0] => [0] [0]
/root/.fonts: caching, new cache contents: 0 fonts, 0 dirs
/var/cache/fontconfig: cleaning cache directory
/root/.cache/fontconfig: not cleaning non-existent cache directory
/root/.fontconfig: not cleaning non-existent cache directory
fc-cache: succeeded
FFMPEG complete
3AnimePahe_Detective_Conan_-_042_720p_Fansub.mkv => [0|0] => [0] [0]
/root/.fonts: caching, new cache contents: 0 fonts, 0 dirs
/var/cache/fontconfig: cleaning cache directory
/root/.cache/fontconfig: not cleaning non-existent cache directory
/root/.fontconfig: not cleaning non-existent cache directory
fc-cache: succeeded
FFMPEG complete
3AnimePahe_Detective_Conan_-_043_720p_Fansub.mkv => [0|0] => [0] [0]
/root/.fonts: caching, new cache contents: 0 fonts, 0 dirs
/var/cache/fontconfig: cleaning cache directory
/root/.cache/fontconfig: not cleaning non-existent cache directory
/root/.fontconfig: not cleaning non-existent cache directory
fc-cache: succeeded
FFMPEG complete
3AnimePahe_Detective_Conan_-_044_720p_Fansub.mkv => [0|0] => [0] [0]
/root/.fonts: caching, new cache contents: 0 fonts, 0 dirs
/var/cache/fontconfig: cleaning cache directory
/root/.cache/fontconfig: not cleaning non-existent cache directory
/root/.fontconfig: not cleaning non-existent cache directory
fc-cache: succeeded
FFMPEG complete
3AnimePahe_Detective_Conan_-_045_720p_Fansub.mkv => [0|0] => [0] [0]
/root/.fonts: caching, new cache contents: 0 fonts, 0 dirs
/var/cache/fontconfig: cleaning cache directory
/root/.cache/fontconfig: not cleaning non-existent cache directory
/root/.fontconfig: not cleaning non-existent cache directory
fc-cache: succeeded
FFMPEG complete
3AnimePahe_Detective_Conan_-_046_720p_Fansub.mkv => [0|0] => [0] [0]
/root/.fonts: caching, new cache contents: 0 fonts, 0 dirs
/var/cache/fontconfig: cleaning cache directory
/root/.cache/fontconfig: not cleaning non-existent cache directory
/root/.fontconfig: not cleaning non-existent cache directory
fc-cache: succeeded
FFMPEG complete
3AnimePahe_Detective_Conan_-_047_720p_Fansub.mkv => [0|0] => [0] [0]
/root/.fonts: caching, new cache contents: 0 fonts, 0 dirs
/var/cache/fontconfig: cleaning cache directory
/root/.cache/fontconfig: not cleaning non-existent cache directory
/root/.fontconfig: not cleaning non-existent cache directory
fc-cache: succeeded
FFMPEG complete
3AnimePahe_Detective_Conan_-_048_720p_Fansub.mkv => [0|0] => [0] [0]
/root/.fonts: caching, new cache contents: 0 fonts, 0 dirs
/var/cache/fontconfig: cleaning cache directory
/root/.cache/fontconfig: not cleaning non-existent cache directory
/root/.fontconfig: not cleaning non-existent cache directory
fc-cache: succeeded
FFMPEG complete
3AnimePahe_Detective_Conan_-_049v2_720p_Fansub.mkv => [0|0] => [0] [0]
/root/.fonts: caching, new cache contents: 0 fonts, 0 dirs
/var/cache/fontconfig: cleaning cache directory
/root/.cache/fontconfig: not cleaning non-existent cache directory
/root/.fontconfig: not cleaning non-existent cache directory
fc-cache: succeeded
FFMPEG complete
3AnimePahe_Detective_Conan_-_050_720p_Fansub.mkv => [0|0] => [0] [0]
/root/.fonts: caching, new cache contents: 0 fonts, 0 dirs
/var/cache/fontconfig: cleaning cache directory
/root/.cache/fontconfig: not cleaning non-existent cache directory
/root/.fontconfig: not cleaning non-existent cache directory
fc-cache: succeeded
FFMPEG complete
3AnimePahe_Detective_Conan_-_051_720p_Fansub.mkv => [0|0] => [0] [0]
/root/.fonts: caching, new cache contents: 0 fonts, 0 dirs
/var/cache/fontconfig: cleaning cache directory
/root/.cache/fontconfig: not cleaning non-existent cache directory
/root/.fontconfig: not cleaning non-existent cache directory
fc-cache: succeeded
FFMPEG complete
3AnimePahe_Detective_Conan_-_052_720p_Fansub.mkv => [0|0] => [0] [0]
/root/.fonts: caching, new cache contents: 0 fonts, 0 dirs
/var/cache/fontconfig: cleaning cache directory
/root/.cache/fontconfig: not cleaning non-existent cache directory
/root/.fontconfig: not cleaning non-existent cache directory
fc-cache: succeeded
FFMPEG complete
3AnimePahe_Detective_Conan_-_053_720p_Fansub.mkv => [0|0] => [0] [0]
/root/.fonts: caching, new cache contents: 0 fonts, 0 dirs
/var/cache/fontconfig: cleaning cache directory
/root/.cache/fontconfig: not cleaning non-existent cache directory
/root/.fontconfig: not cleaning non-existent cache directory
fc-cache: succeeded
FFMPEG complete
3AnimePahe_Detective_Conan_-_054_720p_Fansub.mkv => [0|0] => [0] [0]
/root/.fonts: caching, new cache contents: 0 fonts, 0 dirs
/var/cache/fontconfig: cleaning cache directory
/root/.cache/fontconfig: not cleaning non-existent cache directory
/root/.fontconfig: not cleaning non-existent cache directory
fc-cache: succeeded
FFMPEG complete
3AnimePahe_Detective_Conan_-_055_720p_Fansub.mkv => [0|0] => [0] [0]
/root/.fonts: caching, new cache contents: 0 fonts, 0 dirs
/var/cache/fontconfig: cleaning cache directory
/root/.cache/fontconfig: not cleaning non-existent cache directory
/root/.fontconfig: not cleaning non-existent cache directory
fc-cache: succeeded
FFMPEG complete
3AnimePahe_Detective_Conan_-_056_720p_Fansub.mkv => [0|0] => [0] [0]
/root/.fonts: caching, new cache contents: 0 fonts, 0 dirs
/var/cache/fontconfig: cleaning cache directory
/root/.cache/fontconfig: not cleaning non-existent cache directory
/root/.fontconfig: not cleaning non-existent cache directory
fc-cache: succeeded
FFMPEG complete
3AnimePahe_Detective_Conan_-_057_720p_Fansub.mkv => [0|0] => [0] [0]
/root/.fonts: caching, new cache contents: 0 fonts, 0 dirs
/var/cache/fontconfig: cleaning cache directory
/root/.cache/fontconfig: not cleaning non-existent cache directory
/root/.fontconfig: not cleaning non-existent cache directory
fc-cache: succeeded
FFMPEG complete
3AnimePahe_Detective_Conan_-_058_720p_Fansub.mkv => [0|0] => [0] [0]
/root/.fonts: caching, new cache contents: 0 fonts, 0 dirs
/var/cache/fontconfig: cleaning cache directory
/root/.cache/fontconfig: not cleaning non-existent cache directory
/root/.fontconfig: not cleaning non-existent cache directory
fc-cache: succeeded
FFMPEG complete
3AnimePahe_Detective_Conan_-_059_720p_Fansub.mkv => [0|0] => [0] [0]
/root/.fonts: caching, new cache contents: 0 fonts, 0 dirs
/var/cache/fontconfig: cleaning cache directory
/root/.cache/fontconfig: not cleaning non-existent cache directory
/root/.fontconfig: not cleaning non-existent cache directory
fc-cache: succeeded
FFMPEG complete
3AnimePahe_Detective_Conan_-_060_720p_Fansub.mkv => [0|0] => [0] [0]
/root/.fonts: caching, new cache contents: 0 fonts, 0 dirs
/var/cache/fontconfig: cleaning cache directory
/root/.cache/fontconfig: not cleaning non-existent cache directory
/root/.fontconfig: not cleaning non-existent cache directory
fc-cache: succeeded
FFMPEG complete
3AnimePahe_Detective_Conan_-_061_720p_Fansub.mkv => [0|0] => [0] [0]
/root/.fonts: caching, new cache contents: 0 fonts, 0 dirs
/var/cache/fontconfig: cleaning cache directory
/root/.cache/fontconfig: not cleaning non-existent cache directory
/root/.fontconfig: not cleaning non-existent cache directory
fc-cache: succeeded
FFMPEG complete
3AnimePahe_Detective_Conan_-_062_720p_Fansub.mkv => [0|0] => [0] [0]
/root/.fonts: caching, new cache contents: 0 fonts, 0 dirs
/var/cache/fontconfig: cleaning cache directory
/root/.cache/fontconfig: not cleaning non-existent cache directory
/root/.fontconfig: not cleaning non-existent cache directory
fc-cache: succeeded
FFMPEG complete
3AnimePahe_Detective_Conan_-_063_720p_Fansub.mkv => [0|0] => [0] [0]
/root/.fonts: caching, new cache contents: 0 fonts, 0 dirs
/var/cache/fontconfig: cleaning cache directory
/root/.cache/fontconfig: not cleaning non-existent cache directory
/root/.fontconfig: not cleaning non-existent cache directory
fc-cache: succeeded
3AnimePahe_Detective_Conan_-_063_720p_Fansub.mkv => [0|0] => [0] [0]
/root/.fonts: caching, new cache contents: 0 fonts, 0 dirs
/var/cache/fontconfig: cleaning cache directory
/root/.cache/fontconfig: not cleaning non-existent cache directory
/root/.fontconfig: not cleaning non-existent cache directory
fc-cache: succeeded
