tail: cannot open '/root/log/main.log' for reading: No such file or directory
id: 3 title: title fansub:  audio: 0 sub: 0 url: https://www.nyaa.se/?page=download&tid=621459
1 request(s) found
id: 3 title: title fansub:  audio: 0 sub: 0 url: https://www.nyaa.se/?page=download&tid=621459
1 request(s) found
tail: cannot open '/root/log/main.log' for reading: No such file or directory
id: 3 title: title fansub:  audio: 0 sub: 0 url: https://www.nyaa.se/?page=download&tid=621459
1 request(s) found
tail: cannot open '/root/log/main.log' for reading: No such file or directory
id: 3 title: title fansub:  audio: 0 sub: 0 url: https://www.nyaa.se/?page=download&tid=621459
1 request(s) found
tail: cannot open '/root/log/main.log' for reading: No such file or directory
id: 3 title: title fansub:  audio: 0 sub: 0 url: https://www.nyaa.se/?page=download&tid=621459
1 request(s) found
tail: cannot open '/root/log/main.log' for reading: No such file or directory
id: 3 title: title fansub:  audio: 0 sub: 0 url: https://www.nyaa.se/?page=download&tid=621459
1 request(s) found
tail: cannot open '/root/log/main.log' for reading: No such file or directory
id: 3 title: title fansub:  audio: 0 sub: 0 url: https://www.nyaa.se/?page=download&tid=621459
1 request(s) found
tail: cannot open '/root/log/main.log' for reading: No such file or directory
id: 3 title: title fansub:  audio: 0 sub: 0 url: https://www.nyaa.se/?page=download&tid=621459
1 request(s) found
id: 3 title: title fansub:  audio: 0 sub: 0 url: https://www.nyaa.se/?page=download&tid=621459
1 request(s) found
tail: cannot open '/root/log/main.log' for reading: No such file or directory
id: 3 title: title fansub:  audio: 0 sub: 0 url: https://www.nyaa.se/?page=download&tid=621459
1 request(s) found
tail: cannot open '/root/log/main.log' for reading: No such file or directory
id: 3 title: title fansub:  audio: 0 sub: 0 url: https://www.nyaa.se/?page=download&tid=621459
1 request(s) found
tail: cannot open '/root/log/main.log' for reading: No such file or directory
id: 3 title: title fansub:  audio: 0 sub: 0 url: https://www.nyaa.se/?page=download&tid=621459
1 request(s) found
id: 3 title: title fansub:  audio: 0 sub: 0 url: https://www.nyaa.se/?page=download&tid=621459
1 request(s) found
tail: cannot open '/root/log/main.log' for reading: No such file or directory
id: 3 title: title fansub:  audio: 0 sub: 0 url: https://www.nyaa.se/?page=download&tid=621459
1 request(s) found
tail: cannot open '/root/log/main.log' for reading: No such file or directory
id: 3 title: title fansub:  audio: 0 sub: 0 url: https://www.nyaa.se/?page=download&tid=621459
1 request(s) found
id: 3 title: title fansub:  audio: 0 sub: 0 url: https://www.nyaa.se/?page=download&tid=621459
1 request(s) found
tail: cannot open '/root/log/main.log' for reading: No such file or directory
id: 3 title: title fansub:  audio: 0 sub: 0 url: https://www.nyaa.se/?page=download&tid=621459
1 request(s) found
id: 3 title: title fansub:  audio: 0 sub: 0 url: https://www.nyaa.se/?page=download&tid=621459
1 request(s) found
id: 3 title: title fansub:  audio: 0 sub: 0 url: https://www.nyaa.se/?page=download&tid=621459
1 request(s) found
id: 3 title: title fansub:  audio: 0 sub: 0 url: https://www.nyaa.se/?page=download&tid=621459
1 request(s) found
Connection failed: 000
Connection failed: 000
Connection failed: 000
Connection failed: 000
Connection failed: 000
Connection failed: 000
Connection failed: 000
Connection failed: 000
Connection failed: 000
Connection failed: 000
Connection failed: 000
id: 3 title: title fansub:  audio: 0 sub: 0 url: https://www.nyaa.se/?page=download&tid=621459
1 request(s) found
id: 3 title: title fansub:  audio: 0 sub: 0 url: https://www.nyaa.se/?page=download&tid=621459
1 request(s) found
id: 3 title: title fansub:  audio: 0 sub: 0 url: https://www.nyaa.se/?page=download&tid=621459
1 request(s) found
id: 3 title: title fansub:  audio: 0 sub: 0 url: https://www.nyaa.se/?page=download&tid=621459
1 request(s) found
id: 3 title: title fansub:  audio: 0 sub: 0 url: https://www.nyaa.se/?page=download&tid=621459
1 request(s) found
id: 3 title: title fansub:  audio: 0 sub: 0 url: https://www.nyaa.se/?page=download&tid=621459
1 request(s) found
id: 3 title: title fansub:  audio: 0 sub: 0 url: https://www.nyaa.se/?page=download&tid=621459
1 request(s) found
id: 3 title: title fansub:  audio: 0 sub: 0 url: https://www.nyaa.se/?page=download&tid=621459
1 request(s) found
id: 3 title: title fansub:  audio: 0 sub: 0 url: https://www.nyaa.se/?page=download&tid=621459
1 request(s) found
id: 3 title: title fansub:  audio: 0 sub: 0 url: https://www.nyaa.se/?page=download&tid=621459
1 request(s) found
id: 3 title: title fansub:  audio: 0 sub: 0 url: https://www.nyaa.se/?page=download&tid=621459
1 request(s) found
id: 3 title: title fansub:  audio: 0 sub: 0 url: https://www.nyaa.se/?page=download&tid=621459
1 request(s) found
id: 3 title: title fansub:  audio: 0 sub: 0 url: https://www.nyaa.se/?page=download&tid=621459
1 request(s) found
id: 3 title: title fansub:  audio: 0 sub: 0 url: https://www.nyaa.se/?page=download&tid=621459
1 request(s) found
id: 3 title: title fansub:  audio: 0 sub: 0 url: https://www.nyaa.se/?page=download&tid=621459
1 request(s) found
id: 3 title: title fansub:  audio: 0 sub: 0 url: https://www.nyaa.se/?page=download&tid=621459
1 request(s) found
id: 3 title: title fansub:  audio: 0 sub: 0 url: https://www.nyaa.se/?page=download&tid=621459
1 request(s) found
id: 3 title: title fansub:  audio: 0 sub: 0 url: https://www.nyaa.se/?page=download&tid=621459
1 request(s) found
id: 3 title: title fansub:  audio: 0 sub: 0 url: https://www.nyaa.se/?page=download&tid=621459
1 request(s) found
id: 3 title: title fansub:  audio: 0 sub: 0 url: https://www.nyaa.se/?page=download&tid=621459
1 request(s) found
id: 3 title: title fansub:  audio: 0 sub: 0 url: https://www.nyaa.se/?page=download&tid=621459
1 request(s) found
id: 3 title: title fansub:  audio: 0 sub: 0 url: https://www.nyaa.se/?page=download&tid=621459
1 request(s) found
id: 3 title: title fansub:  audio: 0 sub: 0 url: https://www.nyaa.se/?page=download&tid=621459
1 request(s) found
id: 3 title: title fansub:  audio: 0 sub: 0 url: https://www.nyaa.se/?page=download&tid=621459
1 request(s) found
id: 3 title: title fansub:  audio: 0 sub: 0 url: https://www.nyaa.se/?page=download&tid=621459
1 request(s) found
id: 3 title: title fansub:  audio: 0 sub: 0 url: https://www.nyaa.se/?page=download&tid=621459
1 request(s) found
id: 3 title: title fansub:  audio: 0 sub: 0 url: https://www.nyaa.se/?page=download&tid=621459
1 request(s) found
id: 3 title: title fansub:  audio: 0 sub: 0 url: https://www.nyaa.se/?page=download&tid=621459
1 request(s) found
id: 3 title: title fansub:  audio: 0 sub: 0 url: https://www.nyaa.se/?page=download&tid=621459
1 request(s) found
id: 3 title: title fansub:  audio: 0 sub: 0 url: https://www.nyaa.se/?page=download&tid=621459
1 request(s) found
id: 3 title: title fansub:  audio: 0 sub: 0 url: https://www.nyaa.se/?page=download&tid=621459
1 request(s) found
id: 3 title: title fansub:  audio: 0 sub: 0 url: https://www.nyaa.se/?page=download&tid=621459
1 request(s) found
id: 3 title: title fansub:  audio: 0 sub: 0 url: https://www.nyaa.se/?page=download&tid=621459
1 request(s) found
id: 3 title: title fansub:  audio: 0 sub: 0 url: https://www.nyaa.se/?page=download&tid=621459
1 request(s) found
id: 3 title: title fansub:  audio: 0 sub: 0 url: https://www.nyaa.se/?page=download&tid=621459
1 request(s) found
restarting transmission-daemon as root
Connection failed: 000
Connection failed: 000
restarting transmission-daemon as root
Connection failed: 000
restarting transmission-daemon as root
Connection failed: 000
restarting transmission-daemon as root
Connection failed: 000
sudo: node: command not found
sudo: node: command not found
id: 3 title: title fansub:  audio: 0 sub: 0 url: https://www.nyaa.se/?page=download&tid=621459
1 request(s) found
id: 3 title: title fansub:  audio: 0 sub: 0 url: https://www.nyaa.se/?page=download&tid=621459
1 request(s) found
id: 3 title: title fansub:  audio: 0 sub: 0 url: https://www.nyaa.se/?page=download&tid=621459
1 request(s) found
